15:30:46.379 INFO  tests.TestBase ******* Start test public void tests.RegistrationTests.registrationPositiveTest()
15:30:46.383 INFO  manager.MyListener Start searching element by By.xpath: //a[.=' Logout ']
15:30:56.404 INFO  manager.MyListener The element with locator by By.xpath: //a[.=' Logout '] is found successfully
15:30:56.408 INFO  manager.MyListener Start searching element by By.xpath: //a[.=' Sign up ']
15:30:56.446 INFO  manager.MyListener The element with locator by By.xpath: //a[.=' Sign up '] is found successfully
15:30:56.565 INFO  manager.MyListener Start searching element by By.id: nam
15:31:06.658 INFO  manager.MyListener Something went wrong!
15:31:06.659 INFO  manager.MyListener no such element: Unable to locate element: {"method":"css selector","selector":"#nam"}
  (Session info: chrome=119.0.6045.124)
For documentation on this error, please visit: https://www.seleniumhq.org/exceptions/no_such_element.html
Build info: version: '3.141.59', revision: 'e82be7d358', time: '2018-11-14T08:17:03'
System info: host: 'DESKTOP-MMEUCUR', ip: '192.168.0.106', os.name: 'Windows 10', os.arch: 'amd64', os.version: '10.0', java.version: '1.8.0_301'
Driver info: org.openqa.selenium.chrome.ChromeDriver
Capabilities {acceptInsecureCerts: false, browserName: chrome, browserVersion: 119.0.6045.124, chrome: {chromedriverVersion: 119.0.6045.105 (38c72552c5e..., userDataDir: C:\Users\Renata\AppData\Loc...}, fedcm:accounts: true, goog:chromeOptions: {debuggerAddress: localhost:59660}, javascriptEnabled: true, networkConnectionEnabled: false, pageLoadStrategy: normal, platform: WINDOWS, platformName: WINDOWS, proxy: Proxy(), setWindowRect: true, strictFileInteractability: false, timeouts: {implicit: 0, pageLoad: 300000, script: 30000}, unhandledPromptBehavior: dismiss and notify, webauthn:extension:credBlob: true, webauthn:extension:largeBlob: true, webauthn:extension:minPinLength: true, webauthn:extension:prf: true, webauthn:virtualAuthenticators: true}
Session ID: a42f36f4b26d17bc54e51007ecf3bf33
*** Element info: {Using=id, value=nam}
15:31:06.669 INFO  manager.MyListener no such element: Unable to locate element: {"method":"css selector","selector":"#nam"}
  (Session info: chrome=119.0.6045.124)
For documentation on this error, please visit: https://www.seleniumhq.org/exceptions/no_such_element.html
Build info: version: '3.141.59', revision: 'e82be7d358', time: '2018-11-14T08:17:03'
System info: host: 'DESKTOP-MMEUCUR', ip: '192.168.0.106', os.name: 'Windows 10', os.arch: 'amd64', os.version: '10.0', java.version: '1.8.0_301'
Driver info: org.openqa.selenium.chrome.ChromeDriver
Capabilities {acceptInsecureCerts: false, browserName: chrome, browserVersion: 119.0.6045.124, chrome: {chromedriverVersion: 119.0.6045.105 (38c72552c5e..., userDataDir: C:\Users\Renata\AppData\Loc...}, fedcm:accounts: true, goog:chromeOptions: {debuggerAddress: localhost:59660}, javascriptEnabled: true, networkConnectionEnabled: false, pageLoadStrategy: normal, platform: WINDOWS, platformName: WINDOWS, proxy: Proxy(), setWindowRect: true, strictFileInteractability: false, timeouts: {implicit: 0, pageLoad: 300000, script: 30000}, unhandledPromptBehavior: dismiss and notify, webauthn:extension:credBlob: true, webauthn:extension:largeBlob: true, webauthn:extension:minPinLength: true, webauthn:extension:prf: true, webauthn:virtualAuthenticators: true}
Session ID: a42f36f4b26d17bc54e51007ecf3bf33
*** Element info: {Using=id, value=nam}
15:31:07.531 INFO  manager.MyListener Here is the link to screenshot with error: src/test/screenshots/screenshot-1866.png
15:31:07.536 INFO  manager.MyListener Start searching element by By.xpath: //button[.='Ok']
15:31:17.576 INFO  manager.MyListener The element with locator by By.xpath: //button[.='Ok'] is found successfully
15:31:17.577 INFO  tests.TestBase *********Finish test
